<?xml version="1.0" encoding="UTF-8"?>
<testsuite xmlns:xsi="http://www.w3.org/2001/XMLSchema-instance" xsi:noNamespaceSchemaLocation="https://maven.apache.org/surefire/maven-surefire-plugin/xsd/surefire-test-report-3.0.xsd" version="3.0" name="com.ikkileague.data.parser.MetadataParserTest" time="0.07" tests="8" errors="0" skipped="0" failures="0">
  <properties>
    <property name="java.specification.version" value="17"/>
    <property name="sun.cpu.isalist" value="amd64"/>
    <property name="sun.jnu.encoding" value="Cp1252"/>
    <property name="java.class.path" value="D:\dev\exercice-tech-fffc\target\test-classes;D:\dev\exercice-tech-fffc\target\classes;C:\Users\nguye\.m2\repository\org\apache\commons\commons-csv\1.10.0\commons-csv-1.10.0.jar;C:\Users\nguye\.m2\repository\info\picocli\picocli\4.7.0\picocli-4.7.0.jar;C:\Users\nguye\.m2\repository\info\picocli\picocli-codegen\4.7.0\picocli-codegen-4.7.0.jar;C:\Users\nguye\.m2\repository\org\slf4j\slf4j-api\2.0.13\slf4j-api-2.0.13.jar;C:\Users\nguye\.m2\repository\ch\qos\logback\logback-classic\1.4.14\logback-classic-1.4.14.jar;C:\Users\nguye\.m2\repository\ch\qos\logback\logback-core\1.4.14\logback-core-1.4.14.jar;C:\Users\nguye\.m2\repository\org\junit\jupiter\junit-jupiter-api\5.10.0\junit-jupiter-api-5.10.0.jar;C:\Users\nguye\.m2\repository\org\opentest4j\opentest4j\1.3.0\opentest4j-1.3.0.jar;C:\Users\nguye\.m2\repository\org\junit\platform\junit-platform-commons\1.10.0\junit-platform-commons-1.10.0.jar;C:\Users\nguye\.m2\repository\org\apiguardian\apiguardian-api\1.1.2\apiguardian-api-1.1.2.jar;C:\Users\nguye\.m2\repository\org\junit\jupiter\junit-jupiter-engine\5.10.0\junit-jupiter-engine-5.10.0.jar;C:\Users\nguye\.m2\repository\org\junit\platform\junit-platform-engine\1.10.0\junit-platform-engine-1.10.0.jar;C:\Users\nguye\.m2\repository\org\mockito\mockito-core\5.12.0\mockito-core-5.12.0.jar;C:\Users\nguye\.m2\repository\net\bytebuddy\byte-buddy\1.14.15\byte-buddy-1.14.15.jar;C:\Users\nguye\.m2\repository\net\bytebuddy\byte-buddy-agent\1.14.15\byte-buddy-agent-1.14.15.jar;C:\Users\nguye\.m2\repository\org\objenesis\objenesis\3.3\objenesis-3.3.jar;C:\Users\nguye\.m2\repository\org\mockito\mockito-junit-jupiter\5.12.0\mockito-junit-jupiter-5.12.0.jar;"/>
    <property name="java.vm.vendor" value="Oracle Corporation"/>
    <property name="sun.arch.data.model" value="64"/>
    <property name="user.variant" value=""/>
    <property name="java.vendor.url" value="https://java.oracle.com/"/>
    <property name="user.timezone" value="Europe/Paris"/>
    <property name="os.name" value="Windows 10"/>
    <property name="java.vm.specification.version" value="17"/>
    <property name="sun.java.launcher" value="SUN_STANDARD"/>
    <property name="user.country" value="FR"/>
    <property name="sun.boot.library.path" value="C:\Program Files\Java\jdk-17\bin"/>
    <property name="sun.java.command" value="C:\Users\nguye\AppData\Local\Temp\surefire9628392095066033865\surefirebooter-20250731233055269_3.jar C:\Users\nguye\AppData\Local\Temp\surefire9628392095066033865 2025-07-31T23-30-55_078-jvmRun1 surefire-20250731233055269_1tmp surefire_0-20250731233055269_2tmp"/>
    <property name="jdk.debug" value="release"/>
    <property name="surefire.test.class.path" value="D:\dev\exercice-tech-fffc\target\test-classes;D:\dev\exercice-tech-fffc\target\classes;C:\Users\nguye\.m2\repository\org\apache\commons\commons-csv\1.10.0\commons-csv-1.10.0.jar;C:\Users\nguye\.m2\repository\info\picocli\picocli\4.7.0\picocli-4.7.0.jar;C:\Users\nguye\.m2\repository\info\picocli\picocli-codegen\4.7.0\picocli-codegen-4.7.0.jar;C:\Users\nguye\.m2\repository\org\slf4j\slf4j-api\2.0.13\slf4j-api-2.0.13.jar;C:\Users\nguye\.m2\repository\ch\qos\logback\logback-classic\1.4.14\logback-classic-1.4.14.jar;C:\Users\nguye\.m2\repository\ch\qos\logback\logback-core\1.4.14\logback-core-1.4.14.jar;C:\Users\nguye\.m2\repository\org\junit\jupiter\junit-jupiter-api\5.10.0\junit-jupiter-api-5.10.0.jar;C:\Users\nguye\.m2\repository\org\opentest4j\opentest4j\1.3.0\opentest4j-1.3.0.jar;C:\Users\nguye\.m2\repository\org\junit\platform\junit-platform-commons\1.10.0\junit-platform-commons-1.10.0.jar;C:\Users\nguye\.m2\repository\org\apiguardian\apiguardian-api\1.1.2\apiguardian-api-1.1.2.jar;C:\Users\nguye\.m2\repository\org\junit\jupiter\junit-jupiter-engine\5.10.0\junit-jupiter-engine-5.10.0.jar;C:\Users\nguye\.m2\repository\org\junit\platform\junit-platform-engine\1.10.0\junit-platform-engine-1.10.0.jar;C:\Users\nguye\.m2\repository\org\mockito\mockito-core\5.12.0\mockito-core-5.12.0.jar;C:\Users\nguye\.m2\repository\net\bytebuddy\byte-buddy\1.14.15\byte-buddy-1.14.15.jar;C:\Users\nguye\.m2\repository\net\bytebuddy\byte-buddy-agent\1.14.15\byte-buddy-agent-1.14.15.jar;C:\Users\nguye\.m2\repository\org\objenesis\objenesis\3.3\objenesis-3.3.jar;C:\Users\nguye\.m2\repository\org\mockito\mockito-junit-jupiter\5.12.0\mockito-junit-jupiter-5.12.0.jar;"/>
    <property name="sun.cpu.endian" value="little"/>
    <property name="user.home" value="C:\Users\nguye"/>
    <property name="user.language" value="fr"/>
    <property name="java.specification.vendor" value="Oracle Corporation"/>
    <property name="java.version.date" value="2023-04-18"/>
    <property name="java.home" value="C:\Program Files\Java\jdk-17"/>
    <property name="file.separator" value="\"/>
    <property name="basedir" value="D:\dev\exercice-tech-fffc"/>
    <property name="java.vm.compressedOopsMode" value="Zero based"/>
    <property name="line.separator" value="&#10;"/>
    <property name="java.vm.specification.vendor" value="Oracle Corporation"/>
    <property name="java.specification.name" value="Java Platform API Specification"/>
    <property name="surefire.real.class.path" value="C:\Users\nguye\AppData\Local\Temp\surefire9628392095066033865\surefirebooter-20250731233055269_3.jar"/>
    <property name="user.script" value=""/>
    <property name="sun.management.compiler" value="HotSpot 64-Bit Tiered Compilers"/>
    <property name="java.runtime.version" value="17.0.7+8-LTS-224"/>
    <property name="user.name" value="nguye"/>
    <property name="path.separator" value=";"/>
    <property name="os.version" value="10.0"/>
    <property name="java.runtime.name" value="Java(TM) SE Runtime Environment"/>
    <property name="file.encoding" value="Cp1252"/>
    <property name="java.vm.name" value="Java HotSpot(TM) 64-Bit Server VM"/>
    <property name="localRepository" value="C:\Users\nguye\.m2\repository"/>
    <property name="java.vendor.url.bug" value="https://bugreport.java.com/bugreport/"/>
    <property name="java.io.tmpdir" value="C:\Users\nguye\AppData\Local\Temp\"/>
    <property name="java.version" value="17.0.7"/>
    <property name="user.dir" value="D:\dev\exercice-tech-fffc"/>
    <property name="os.arch" value="amd64"/>
    <property name="java.vm.specification.name" value="Java Virtual Machine Specification"/>
    <property name="sun.os.patch.level" value=""/>
    <property name="native.encoding" value="Cp1252"/>
    <property name="java.library.path" value="C:\Program Files\Java\jdk-17\bin;C:\WINDOWS\Sun\Java\bin;C:\WINDOWS\system32;C:\WINDOWS;C:\Python313\Scripts\;C:\Python313\;C:\Program Files\Common Files\Oracle\Java\javapath;C:\Python39\Scripts\;C:\Python39\;C:\WINDOWS\system32;C:\WINDOWS;C:\WINDOWS\System32\Wbem;C:\WINDOWS\System32\WindowsPowerShell\v1.0\;C:\WINDOWS\System32\OpenSSH\;C:\ProgramData\chocolatey\bin;C:\Program Files\Git\cmd;C:\opt\vertx\bin;C:\Program Files (x86)\NVIDIA Corporation\PhysX\Common;C:\Program Files\Java\jdk-17\bin;C:\Users\nguye\apache-maven-3.9.4\bin;C:\Program Files\Vagrant\bin;C:\Program Files\Docker\Docker\resources\bin;C:\Program Files\nodejs\;C:\Program Files\MySQL\MySQL Shell 8.0\bin\;C:\Users\nguye\AppData\Local\Programs\Python\Python38\Scripts\;C:\Users\nguye\AppData\Local\Programs\Python\Python38\;C:\Users\nguye\AppData\Local\Microsoft\WindowsApps;C:\Program Files\Java\jdk-17\bin;C:\Users\nguye\apache-maven-3.9.4\apache-maven\src\bin;C:\opt\vertx\bin;C:\Program Files\sfdx\bin;C:\Program Files\heroku\bin;C:\Program Files\OpenSSL-Win64\bin;C:\Users\nguye\AppData\Local\Programs\Microsoft VS Code\bin;C:\Users\nguye\AppData\Roaming\npm;."/>
    <property name="java.vm.info" value="mixed mode, sharing"/>
    <property name="java.vendor" value="Oracle Corporation"/>
    <property name="java.vm.version" value="17.0.7+8-LTS-224"/>
    <property name="sun.io.unicode.encoding" value="UnicodeLittle"/>
    <property name="java.class.version" value="61.0"/>
  </properties>
  <testcase name="parse_validFileWithEmptyLine_returnsCorrectDefinitions" classname="com.ikkileague.data.parser.MetadataParserTest" time="0.009">
    <system-out><![CDATA[23:30:57.490 [main] INFO  c.i.data.parser.MetadataParserTest:63 - *** Starting test: Should correctly parse a valid metadata file ***
23:30:57.494 [main] DEBUG c.i.data.parser.MetadataParserTest:77 - Parsed column: ColumnDefinition{name='Date de naissance', type='DATE',  length=10}
23:30:57.494 [main] DEBUG c.i.data.parser.MetadataParserTest:77 - Parsed column: ColumnDefinition{name='Prénom', type='STRING',  length=15}
23:30:57.495 [main] DEBUG c.i.data.parser.MetadataParserTest:77 - Parsed column: ColumnDefinition{name='Poids', type='NUMERIC',  length=5}
]]></system-out>
  </testcase>
  <testcase name="parse_non_positive_length_throwsException" classname="com.ikkileague.data.parser.MetadataParserTest" time="0.008">
    <system-out><![CDATA[23:30:57.500 [main] INFO  c.i.data.parser.MetadataParserTest:147 - *** Démarrage du test : Devrait lancer une exception si la longueur est négative ou zéro ***
23:30:57.505 [main] DEBUG c.i.data.parser.MetadataParserTest:160 - Exception capturée : Longueur de colonne invalide à la ligne 1 : la longueur doit être un entier strictement positif. Ligne : '[Name, -1, chaîne]'
23:30:57.506 [main] DEBUG c.i.data.parser.MetadataParserTest:163 - La longueur est négative Exception : Longueur de colonne invalide à la ligne 1 : la longueur doit être un entier strictement positif. Ligne : '[Name, -1, chaîne]'
]]></system-out>
  </testcase>
  <testcase name="parse_nonIntegerLength_throwsException" classname="com.ikkileague.data.parser.MetadataParserTest" time="0.006">
    <system-out><![CDATA[23:30:57.511 [main] INFO  c.i.data.parser.MetadataParserTest:128 - *** Starting test:Should throw exception for non-integer length in metadatafile ***
23:30:57.515 [main] DEBUG c.i.data.parser.MetadataParserTest:139 - Not a valid integer Exception : Longueur de colonne invalide à la ligne 1 : valeur non numérique. Ligne : '[Name, 0.5, string]'
]]></system-out>
  </testcase>
  <testcase name="parse_unknownColumnType_throwsException" classname="com.ikkileague.data.parser.MetadataParserTest" time="0.007">
    <system-out><![CDATA[23:30:57.519 [main] INFO  c.i.data.parser.MetadataParserTest:109 - *** Starting test:Should throw exception for unknown column type in metadatafile ***
23:30:57.522 [main] DEBUG c.i.data.parser.MetadataParserTest:121 - Unknown column Exception : Type de colonne invalide à la ligne 1 : type inconnu 'undefined'. Types attendus : '[date, chaîne, numérique]'. Ligne : '[Name, 10, undefined]'
]]></system-out>
  </testcase>
  <testcase name="parse_emptyMetadataFile_throwsException" classname="com.ikkileague.data.parser.MetadataParserTest" time="0.006">
    <system-out><![CDATA[23:30:57.526 [main] INFO  c.i.data.parser.MetadataParserTest:173 - *** Démarrage du test : Devrait lancer une exception si le fichier de métadonnées est vide ***
23:30:57.527 [main] ERROR c.i.data.parser.MetadataParser:59 - Le fichier de métadonnées est vide ou ne contient aucune définition valide : C:\Users\nguye\AppData\Local\Temp\junit6461617480528219203\empty_metadata.csv
23:30:57.527 [main] DEBUG c.i.data.parser.MetadataParserTest:184 - Exception capturée : Le fichier de métadonnées est vide ou ne contient aucune définition valide : C:\Users\nguye\AppData\Local\Temp\junit6461617480528219203\empty_metadata.csv
23:30:57.529 [main] INFO  c.i.data.parser.MetadataParserTest:189 - Test passed: Correctement lancé l'exception pour un fichier de métadonnées vide.
]]></system-out>
  </testcase>
  <testcase name="parse_invalidColumnCount_throwsException" classname="com.ikkileague.data.parser.MetadataParserTest" time="0.01">
    <system-out><![CDATA[23:30:57.535 [main] INFO  c.i.data.parser.MetadataParserTest:91 - *** Starting test: Should throw exception for invalid number of columns inmetadata file ***
23:30:57.540 [main] DEBUG c.i.data.parser.MetadataParserTest:102 - Invalid metadata Exception : Format de ligne invalide à la ligne 2 : 3 éléments attendus (nom, longueur, type), 2 trouvés. Ligne : '[Age, 5]'
]]></system-out>
  </testcase>
  <testcase name="parse_nonExistentMetadataFile_throwsException" classname="com.ikkileague.data.parser.MetadataParserTest" time="0.004">
    <system-out><![CDATA[23:30:57.544 [main] INFO  c.i.data.parser.MetadataParserTest:195 - *** Démarrage du test : Devrait lancer une exception si le fichier de métadonnées n'existe pas ***
23:30:57.545 [main] ERROR c.i.data.parser.MetadataParser:38 - Le fichier de métadonnées n'existe pas ou n'est pas un fichier valide : C:\Users\nguye\AppData\Local\Temp\junit8970643334111083394\non_existent_metadata.csv
23:30:57.545 [main] DEBUG c.i.data.parser.MetadataParserTest:206 - Exception capturée : Le fichier de métadonnées n'existe pas ou n'est pas un fichier valide : C:\Users\nguye\AppData\Local\Temp\junit8970643334111083394\non_existent_metadata.csv
23:30:57.546 [main] INFO  c.i.data.parser.MetadataParserTest:211 - Test passed: Correctement lancé l'exception pour un fichier de métadonnées inexistant.
]]></system-out>
  </testcase>
  <testcase name="parse_validFile_returnsCorrectDefinitions" classname="com.ikkileague.data.parser.MetadataParserTest" time="0.008">
    <system-out><![CDATA[23:30:57.549 [main] INFO  c.i.data.parser.MetadataParserTest:34 - *** Starting test: Should correctly parse a valid metadata file ***
23:30:57.551 [main] DEBUG c.i.data.parser.MetadataParserTest:48 - Parsed column: ColumnDefinition{name='Date de naissance', type='DATE',  length=10}
23:30:57.552 [main] DEBUG c.i.data.parser.MetadataParserTest:48 - Parsed column: ColumnDefinition{name='Prénom', type='STRING',  length=15}
23:30:57.553 [main] DEBUG c.i.data.parser.MetadataParserTest:48 - Parsed column: ColumnDefinition{name='Nom de famille', type='STRING',  length=15}
23:30:57.553 [main] DEBUG c.i.data.parser.MetadataParserTest:48 - Parsed column: ColumnDefinition{name='Poids', type='NUMERIC',  length=5}
]]></system-out>
  </testcase>
</testsuite>